Starting application
Processing data
Finished processing
Starting application
Processing data
Finished processing
Starting application
Processing data
Finished processing
Starting application
Processing data
Finished processing
Starting application
Processing data
Finished processing
Starting application
Processing data
Finished processing
Starting application
Processing data
Finished processing
Starting application
Processing data
Finished processing
Starting application
Processing data
Finished processing
Starting application
Processing data
Finished processing
Starting application
Processing data
Finished processing
Starting application
Processing data
Finished processing
Starting application
Processing data
Finished processing
Starting application
Processing data
Finished processing
Starting application
Processing data
Finished processing
Starting application
Processing data
Finished processing
Starting application
Processing data
Finished processing
Starting application
Processing data
Finished processing
Starting application
Processing data
Finished processing
Starting application
Processing data
Finished processing
Starting application
Processing data
Finished processing
Starting application
Processing data
Finished processing
Starting application
Processing data
Finished processing
Starting application
Processing data
Finished processing
Starting application
Processing data
Finished processing
Starting application
Processing data
Finished processing
Starting application
Processing data
Finished processing
Starting application
Processing data
Finished processing
Starting application
Processing data
Finished processing
Starting application
Processing data
Finished processing
Starting application
Processing data
Finished processing
Starting application
Processing data
Finished processing
Starting application
Processing data
Finished processing
Starting application
Processing data
Finished processing
Starting application
Processing data
Finished processing
Starting application
Processing data
Finished processing
Starting application
Processing data
Finished processing
Starting application
Processing data
Finished processing
Starting application
Processing data
Finished processing
Starting application
Processing data
Finished processing
Starting application
Processing data
Finished processing
Starting application
Processing data
Finished processing
Starting application
Processing data
Finished processing
Starting application
Processing data
Finished processing
Starting application
Processing data
Finished processing
Starting application
Processing data
Finished processing
none
non22

